[2020-12-09T23:37:45.662] [DEBUG] cheese - login => username:zs,password:123456
[2020-12-09T23:37:45.855] [DEBUG] cheese - zs
[2020-12-09T23:37:45.867] [DEBUG] cheese - null
[2020-12-09T23:37:45.868] [DEBUG] cheese - null
[2020-12-09T23:38:46.689] [DEBUG] cheese - login => username:admin,password:123456
[2020-12-09T23:38:46.689] [DEBUG] cheese - admin
[2020-12-09T23:38:46.698] [DEBUG] cheese - null
[2020-12-09T23:38:46.699] [DEBUG] cheese - null
[2020-12-15T22:50:16.520] [DEBUG] cheese - login => username:admin,password:123456
[2020-12-15T22:50:16.521] [DEBUG] cheese - admin
[2020-12-15T22:50:16.533] [DEBUG] cheese - null
[2020-12-15T22:50:16.533] [DEBUG] cheese - null
[2020-12-15T22:54:16.827] [DEBUG] cheese - login => username:admin,password:123456
[2020-12-15T22:54:16.827] [DEBUG] cheese - admin
[2020-12-15T22:54:16.831] [DEBUG] cheese - null
[2020-12-15T22:54:16.831] [DEBUG] cheese - null
[2020-12-15T22:54:19.554] [DEBUG] cheese - login => username:admin,password:123456
[2020-12-15T22:54:19.555] [DEBUG] cheese - admin
[2020-12-15T22:54:19.558] [DEBUG] cheese - null
[2020-12-15T22:54:19.558] [DEBUG] cheese - null
[2020-12-15T22:57:13.897] [DEBUG] cheese - login => username:admin,password:123456
[2020-12-15T22:57:13.897] [DEBUG] cheese - admin
[2020-12-15T22:57:13.900] [DEBUG] cheese - null
[2020-12-15T22:57:13.900] [DEBUG] cheese - null
[2020-12-15T22:57:37.718] [DEBUG] cheese - login => username:admin,password:123456
[2020-12-15T22:57:37.718] [DEBUG] cheese - admin
[2020-12-15T22:57:37.722] [DEBUG] cheese - null
[2020-12-15T22:57:37.722] [DEBUG] cheese - null
[2020-12-15T22:58:06.102] [DEBUG] cheese - login => username:admin,password:123456
[2020-12-15T22:58:06.102] [DEBUG] cheese - admin
[2020-12-15T22:58:06.105] [DEBUG] cheese - null
[2020-12-15T22:58:06.106] [DEBUG] cheese - null
[2020-12-15T22:58:19.775] [DEBUG] cheese - login => username:admin,password:123456
[2020-12-15T22:58:19.775] [DEBUG] cheese - admin
[2020-12-15T22:58:19.778] [DEBUG] cheese - null
[2020-12-15T22:58:19.778] [DEBUG] cheese - null
[2020-12-15T22:58:31.105] [DEBUG] cheese - login => username:admin,password:123456
[2020-12-15T22:58:31.106] [DEBUG] cheese - admin
[2020-12-15T22:58:31.109] [DEBUG] cheese - null
[2020-12-15T22:58:31.109] [DEBUG] cheese - null
[2020-12-15T23:01:59.499] [DEBUG] cheese - login => username:admin,password:123456
[2020-12-15T23:01:59.499] [DEBUG] cheese - admin
[2020-12-15T23:01:59.503] [DEBUG] cheese - null
[2020-12-15T23:01:59.503] [DEBUG] cheese - null
[2020-12-15T23:02:27.730] [DEBUG] cheese - login => username:admin,password:1234561
[2020-12-15T23:02:27.731] [DEBUG] cheese - admin
[2020-12-15T23:02:27.735] [DEBUG] cheese - null
[2020-12-15T23:02:27.735] [DEBUG] cheese - null
[2020-12-15T23:02:34.514] [DEBUG] cheese - login => username:admin,password:123456
[2020-12-15T23:02:34.514] [DEBUG] cheese - admin
[2020-12-15T23:02:34.517] [DEBUG] cheese - null
[2020-12-15T23:02:34.517] [DEBUG] cheese - null
[2020-12-15T23:06:14.918] [DEBUG] cheese - login => username:admin,password:123456
[2020-12-15T23:06:14.918] [DEBUG] cheese - admin
[2020-12-15T23:06:14.921] [DEBUG] cheese - null
[2020-12-15T23:06:14.921] [DEBUG] cheese - null
[2020-12-15T23:07:01.365] [DEBUG] cheese - login => username:admin,password:123456
[2020-12-15T23:07:01.365] [DEBUG] cheese - admin
[2020-12-15T23:07:01.368] [DEBUG] cheese - null
[2020-12-15T23:07:01.368] [DEBUG] cheese - null
[2020-12-15T23:07:04.313] [DEBUG] cheese - login => username:admin,password:1234561
[2020-12-15T23:07:04.313] [DEBUG] cheese - admin
[2020-12-15T23:07:04.317] [DEBUG] cheese - null
[2020-12-15T23:07:04.317] [DEBUG] cheese - null
[2020-12-15T23:09:51.041] [DEBUG] cheese - login => username:admin,password:1234561
[2020-12-15T23:09:51.041] [DEBUG] cheese - admin
[2020-12-15T23:09:51.046] [DEBUG] cheese - null
[2020-12-15T23:09:51.046] [DEBUG] cheese - null
[2020-12-16T20:00:35.037] [DEBUG] cheese - login => username:admin,password:123456
[2020-12-16T20:00:35.038] [DEBUG] cheese - admin
[2020-12-16T20:00:35.117] [DEBUG] cheese - null
[2020-12-16T20:00:35.118] [DEBUG] cheese - null
[2020-12-17T21:36:06.177] [DEBUG] cheese - login => username:admin,password:123456
[2020-12-17T21:36:06.179] [DEBUG] cheese - admin
[2020-12-17T21:36:06.235] [DEBUG] cheese - null
[2020-12-17T21:36:06.236] [DEBUG] cheese - null
[2020-12-17T21:36:10.455] [DEBUG] cheese - login => username:admin,password:1234561
[2020-12-17T21:36:10.455] [DEBUG] cheese - admin
[2020-12-17T21:36:10.458] [DEBUG] cheese - null
[2020-12-17T21:36:10.458] [DEBUG] cheese - null
[2020-12-17T21:36:50.199] [DEBUG] cheese - login => username:admin,password:1234561
[2020-12-17T21:36:50.199] [DEBUG] cheese - admin
[2020-12-17T21:36:50.202] [DEBUG] cheese - null
[2020-12-17T21:36:50.202] [DEBUG] cheese - null
[2020-12-17T21:37:03.077] [DEBUG] cheese - login => username:admin,password:1234561
[2020-12-17T21:37:03.077] [DEBUG] cheese - admin
[2020-12-17T21:37:03.082] [DEBUG] cheese - null
[2020-12-17T21:37:03.083] [DEBUG] cheese - null
[2020-12-17T21:55:20.450] [DEBUG] cheese - login => username:admin,password:123456
[2020-12-17T21:55:20.451] [DEBUG] cheese - admin
[2020-12-17T21:55:20.461] [DEBUG] cheese - null
[2020-12-17T21:55:20.461] [DEBUG] cheese - null
[2020-12-17T21:55:42.382] [DEBUG] cheese - login => username:admin,password:123456
[2020-12-17T21:55:42.382] [DEBUG] cheese - admin
[2020-12-17T21:55:42.386] [DEBUG] cheese - null
[2020-12-17T21:55:42.386] [DEBUG] cheese - null
[2020-12-17T21:59:56.296] [DEBUG] cheese - login => username:admin,password:123456
[2020-12-17T21:59:56.296] [DEBUG] cheese - admin
[2020-12-17T21:59:56.299] [DEBUG] cheese - null
[2020-12-17T21:59:56.300] [DEBUG] cheese - null
[2020-12-17T21:59:58.393] [DEBUG] cheese - login => username:admin,password:123456
[2020-12-17T21:59:58.393] [DEBUG] cheese - admin
[2020-12-17T21:59:58.396] [DEBUG] cheese - null
[2020-12-17T21:59:58.396] [DEBUG] cheese - null
[2020-12-17T22:01:01.111] [DEBUG] cheese - login => username:admin,password:123456
[2020-12-17T22:01:01.111] [DEBUG] cheese - admin
[2020-12-17T22:01:01.115] [DEBUG] cheese - null
[2020-12-17T22:01:01.116] [DEBUG] cheese - null
[2020-12-17T22:01:03.193] [DEBUG] cheese - login => username:admin,password:123456
[2020-12-17T22:01:03.193] [DEBUG] cheese - admin
[2020-12-17T22:01:03.196] [DEBUG] cheese - null
[2020-12-17T22:01:03.196] [DEBUG] cheese - null
[2020-12-17T22:01:04.129] [DEBUG] cheese - login => username:admin,password:123456
[2020-12-17T22:01:04.129] [DEBUG] cheese - admin
[2020-12-17T22:01:04.132] [DEBUG] cheese - null
[2020-12-17T22:01:04.132] [DEBUG] cheese - null
[2020-12-17T22:01:05.383] [DEBUG] cheese - login => username:admin,password:123456
[2020-12-17T22:01:05.383] [DEBUG] cheese - admin
[2020-12-17T22:01:05.386] [DEBUG] cheese - null
[2020-12-17T22:01:05.386] [DEBUG] cheese - null
[2020-12-17T22:01:54.380] [DEBUG] cheese - login => username:admin,password:123456
[2020-12-17T22:01:54.381] [DEBUG] cheese - admin
[2020-12-17T22:01:54.383] [DEBUG] cheese - null
[2020-12-17T22:01:54.384] [DEBUG] cheese - null
[2020-12-17T22:03:27.928] [DEBUG] cheese - login => username:admin,password:123456
[2020-12-17T22:03:27.928] [DEBUG] cheese - admin
[2020-12-17T22:03:27.933] [DEBUG] cheese - null
[2020-12-17T22:03:27.934] [DEBUG] cheese - null
[2020-12-17T22:03:31.298] [DEBUG] cheese - login => username:admin1,password:123456
[2020-12-17T22:03:31.298] [DEBUG] cheese - admin1
[2020-12-17T22:03:31.302] [DEBUG] cheese - null
[2020-12-17T22:03:31.302] [DEBUG] cheese - null
[2020-12-17T22:07:41.900] [DEBUG] cheese - login => username:admin,password:123456
[2020-12-17T22:07:41.900] [DEBUG] cheese - admin
[2020-12-17T22:07:41.902] [DEBUG] cheese - null
[2020-12-17T22:07:41.903] [DEBUG] cheese - null
[2020-12-17T22:10:12.209] [DEBUG] cheese - login => username:admin,password:123456
[2020-12-17T22:10:12.209] [DEBUG] cheese - admin
[2020-12-17T22:10:12.212] [DEBUG] cheese - null
[2020-12-17T22:10:12.212] [DEBUG] cheese - null
[2020-12-17T22:10:38.786] [DEBUG] cheese - login => username:admin,password:123456
[2020-12-17T22:10:38.786] [DEBUG] cheese - admin
[2020-12-17T22:10:38.791] [DEBUG] cheese - null
[2020-12-17T22:10:38.791] [DEBUG] cheese - null
[2020-12-17T22:11:35.861] [DEBUG] cheese - login => username:admin,password:123456
[2020-12-17T22:11:35.861] [DEBUG] cheese - admin
[2020-12-17T22:11:35.864] [DEBUG] cheese - null
[2020-12-17T22:11:35.864] [DEBUG] cheese - null
[2020-12-18T22:37:02.470] [DEBUG] cheese - login => username:admin,password:123456
[2020-12-18T22:37:02.472] [DEBUG] cheese - admin
[2020-12-18T22:37:02.553] [DEBUG] cheese - null
[2020-12-18T22:37:02.554] [DEBUG] cheese - null
[2020-12-18T22:39:17.628] [DEBUG] cheese - login => username:admin,password:123456
[2020-12-18T22:39:17.628] [DEBUG] cheese - admin
[2020-12-18T22:39:17.631] [DEBUG] cheese - null
[2020-12-18T22:39:17.631] [DEBUG] cheese - null
[2020-12-18T22:54:56.970] [DEBUG] cheese - login => username:admin,password:123456
[2020-12-18T22:54:56.970] [DEBUG] cheese - admin
[2020-12-18T22:54:56.972] [DEBUG] cheese - null
[2020-12-18T22:54:56.973] [DEBUG] cheese - null
[2020-12-19T17:46:27.950] [DEBUG] cheese - login => username:admin,password:123456
[2020-12-19T17:46:27.952] [DEBUG] cheese - admin
[2020-12-19T17:46:27.980] [DEBUG] cheese - null
[2020-12-19T17:46:27.980] [DEBUG] cheese - null
[2020-12-19T17:46:51.222] [DEBUG] cheese - login => username:admin,password:123456
[2020-12-19T17:46:51.223] [DEBUG] cheese - admin
[2020-12-19T17:46:51.227] [DEBUG] cheese - null
[2020-12-19T17:46:51.228] [DEBUG] cheese - null
[2020-12-19T19:55:39.185] [DEBUG] cheese - login => username:admin,password:123456
[2020-12-19T19:55:39.185] [DEBUG] cheese - admin
[2020-12-19T19:55:39.189] [DEBUG] cheese - null
[2020-12-19T19:55:39.189] [DEBUG] cheese - null
[2020-12-19T22:07:14.337] [DEBUG] cheese - login => username:admin,password:123456
[2020-12-19T22:07:14.337] [DEBUG] cheese - admin
[2020-12-19T22:07:14.345] [DEBUG] cheese - null
[2020-12-19T22:07:14.345] [DEBUG] cheese - null
[2020-12-19T22:19:50.924] [DEBUG] cheese - login => username:admin,password:123456
[2020-12-19T22:19:50.924] [DEBUG] cheese - admin
[2020-12-19T22:19:50.928] [DEBUG] cheese - null
[2020-12-19T22:19:50.928] [DEBUG] cheese - null
[2020-12-19T22:19:57.737] [DEBUG] cheese - login => username:admin,password:123456
[2020-12-19T22:19:57.737] [DEBUG] cheese - admin
[2020-12-19T22:19:57.742] [DEBUG] cheese - null
[2020-12-19T22:19:57.742] [DEBUG] cheese - null
[2020-12-19T22:20:01.130] [DEBUG] cheese - login => username:admin,password:123456
[2020-12-19T22:20:01.131] [DEBUG] cheese - admin
[2020-12-19T22:20:01.133] [DEBUG] cheese - null
[2020-12-19T22:20:01.133] [DEBUG] cheese - null
[2020-12-19T22:27:58.646] [DEBUG] cheese - login => username:admin,password:123456
[2020-12-19T22:27:58.646] [DEBUG] cheese - admin
[2020-12-19T22:27:58.651] [DEBUG] cheese - null
[2020-12-19T22:27:58.651] [DEBUG] cheese - null
[2020-12-20T10:58:59.265] [DEBUG] cheese - login => username:admin,password:123456
[2020-12-20T10:58:59.266] [DEBUG] cheese - admin
[2020-12-20T10:58:59.343] [DEBUG] cheese - null
[2020-12-20T10:58:59.344] [DEBUG] cheese - null
[2020-12-20T10:59:28.076] [DEBUG] cheese - login => username:admin,password:123456
[2020-12-20T10:59:28.076] [DEBUG] cheese - admin
[2020-12-20T10:59:28.079] [DEBUG] cheese - null
[2020-12-20T10:59:28.080] [DEBUG] cheese - null
[2020-12-20T10:59:32.096] [DEBUG] cheese - login => username:admin,password:123456
[2020-12-20T10:59:32.097] [DEBUG] cheese - admin
[2020-12-20T10:59:32.101] [DEBUG] cheese - null
[2020-12-20T10:59:32.101] [DEBUG] cheese - null
[2020-12-20T10:59:35.187] [DEBUG] cheese - login => username:admin,password:123456
[2020-12-20T10:59:35.187] [DEBUG] cheese - admin
[2020-12-20T10:59:35.190] [DEBUG] cheese - null
[2020-12-20T10:59:35.190] [DEBUG] cheese - null
[2020-12-20T11:54:32.429] [DEBUG] cheese - login => username:admin,password:123456
[2020-12-20T11:54:32.429] [DEBUG] cheese - admin
[2020-12-20T11:54:32.431] [DEBUG] cheese - null
[2020-12-20T11:54:32.431] [DEBUG] cheese - null
[2020-12-20T12:04:21.859] [DEBUG] cheese - login => username:admin,password:123456
[2020-12-20T12:04:21.859] [DEBUG] cheese - admin
[2020-12-20T12:04:21.862] [DEBUG] cheese - null
[2020-12-20T12:04:21.862] [DEBUG] cheese - null
[2020-12-20T14:17:23.127] [DEBUG] cheese - login => username:admin,password:123456
[2020-12-20T14:17:23.127] [DEBUG] cheese - admin
[2020-12-20T14:17:23.130] [DEBUG] cheese - null
[2020-12-20T14:17:23.130] [DEBUG] cheese - null
[2020-12-20T19:47:18.401] [DEBUG] cheese - login => username:admin,password:123456
[2020-12-20T19:47:18.402] [DEBUG] cheese - admin
[2020-12-20T19:47:18.414] [DEBUG] cheese - null
[2020-12-20T19:47:18.414] [DEBUG] cheese - null
[2020-12-20T20:19:16.500] [DEBUG] cheese - login => username:admin,password:123456
[2020-12-20T20:19:16.500] [DEBUG] cheese - admin
[2020-12-20T20:19:16.504] [DEBUG] cheese - null
[2020-12-20T20:19:16.504] [DEBUG] cheese - null
[2020-12-20T20:20:00.025] [DEBUG] cheese - login => username:admin,password:123456
[2020-12-20T20:20:00.025] [DEBUG] cheese - admin
[2020-12-20T20:20:00.029] [DEBUG] cheese - null
[2020-12-20T20:20:00.029] [DEBUG] cheese - null
[2020-12-20T20:23:27.042] [DEBUG] cheese - login => username:admin,password:123456
[2020-12-20T20:23:27.042] [DEBUG] cheese - admin
[2020-12-20T20:23:27.046] [DEBUG] cheese - null
[2020-12-20T20:23:27.046] [DEBUG] cheese - null
[2020-12-20T20:29:53.976] [DEBUG] cheese - login => username:admin,password:123456
[2020-12-20T20:29:53.976] [DEBUG] cheese - admin
[2020-12-20T20:29:53.981] [DEBUG] cheese - null
[2020-12-20T20:29:53.981] [DEBUG] cheese - null
[2020-12-20T22:05:52.626] [DEBUG] cheese - login => username:admin,password:123456
[2020-12-20T22:05:52.627] [DEBUG] cheese - admin
[2020-12-20T22:05:52.635] [DEBUG] cheese - null
[2020-12-20T22:05:52.636] [DEBUG] cheese - null
[2020-12-21T20:21:38.814] [DEBUG] cheese - login => username:admin,password:123456
[2020-12-21T20:21:38.815] [DEBUG] cheese - admin
[2020-12-21T20:21:38.865] [DEBUG] cheese - null
[2020-12-21T20:21:38.866] [DEBUG] cheese - null
[2020-12-21T20:47:29.249] [DEBUG] cheese - login => username:admin,password:123456
[2020-12-21T20:47:29.250] [DEBUG] cheese - admin
[2020-12-21T20:47:29.254] [DEBUG] cheese - null
[2020-12-21T20:47:29.255] [DEBUG] cheese - null
[2020-12-21T21:32:30.344] [DEBUG] cheese - login => username:admin,password:123456
[2020-12-21T21:32:30.345] [DEBUG] cheese - admin
[2020-12-21T21:32:30.348] [DEBUG] cheese - null
[2020-12-21T21:32:30.348] [DEBUG] cheese - null
[2020-12-22T21:43:16.392] [DEBUG] cheese - login => username:admin,password:123456
[2020-12-22T21:43:16.394] [DEBUG] cheese - admin
[2020-12-22T21:43:16.417] [DEBUG] cheese - null
[2020-12-22T21:43:16.418] [DEBUG] cheese - null
[2020-12-22T22:43:50.073] [DEBUG] cheese - login => username:admin,password:123456
[2020-12-22T22:43:50.074] [DEBUG] cheese - admin
[2020-12-22T22:43:50.084] [DEBUG] cheese - null
[2020-12-22T22:43:50.084] [DEBUG] cheese - null
[2020-12-22T22:44:13.787] [DEBUG] cheese - login => username:admin,password:123456
[2020-12-22T22:44:13.787] [DEBUG] cheese - admin
[2020-12-22T22:44:13.790] [DEBUG] cheese - null
[2020-12-22T22:44:13.790] [DEBUG] cheese - null
[2020-12-22T22:44:58.560] [DEBUG] cheese - login => username:admin,password:123456
[2020-12-22T22:44:58.560] [DEBUG] cheese - admin
[2020-12-22T22:44:58.562] [DEBUG] cheese - null
[2020-12-22T22:44:58.562] [DEBUG] cheese - null
[2020-12-22T22:50:27.823] [DEBUG] cheese - login => username:admin,password:123456
[2020-12-22T22:50:27.823] [DEBUG] cheese - admin
[2020-12-22T22:50:27.826] [DEBUG] cheese - null
[2020-12-22T22:50:27.826] [DEBUG] cheese - null
[2020-12-22T22:57:58.033] [DEBUG] cheese - login => username:admin,password:123456
[2020-12-22T22:57:58.033] [DEBUG] cheese - admin
[2020-12-22T22:57:58.037] [DEBUG] cheese - null
[2020-12-22T22:57:58.037] [DEBUG] cheese - null
[2020-12-22T22:58:01.379] [DEBUG] cheese - login => username:admin,password:123456
[2020-12-22T22:58:01.379] [DEBUG] cheese - admin
[2020-12-22T22:58:01.381] [DEBUG] cheese - null
[2020-12-22T22:58:01.381] [DEBUG] cheese - null
[2020-12-22T22:58:09.638] [DEBUG] cheese - login => username:admin,password:123456
[2020-12-22T22:58:09.638] [DEBUG] cheese - admin
[2020-12-22T22:58:09.640] [DEBUG] cheese - null
[2020-12-22T22:58:09.640] [DEBUG] cheese - null
[2020-12-22T22:58:23.778] [DEBUG] cheese - login => username:admin,password:123456
[2020-12-22T22:58:23.778] [DEBUG] cheese - admin
[2020-12-22T22:58:23.783] [DEBUG] cheese - null
[2020-12-22T22:58:23.783] [DEBUG] cheese - null
